time="2020-10-28T17:25:50+08:00" level=debug msg="OpenShift Installer 4.5.12"
time="2020-10-28T17:25:50+08:00" level=debug msg="Built from commit 9893a482f310ee72089872f1a4caea3dbec34f28"
time="2020-10-28T17:25:50+08:00" level=debug msg="Fetching Kubeconfig Admin Client..."
time="2020-10-28T17:25:50+08:00" level=debug msg="Loading Kubeconfig Admin Client..."
time="2020-10-28T17:25:50+08:00" level=debug msg="  Loading Certificate (admin-kubeconfig-client)..."
time="2020-10-28T17:25:50+08:00" level=debug msg="    Loading Certificate (admin-kubeconfig-signer)..."
time="2020-10-28T17:25:50+08:00" level=debug msg="  Loading Certificate (kube-apiserver-complete-server-ca-bundle)..."
time="2020-10-28T17:25:50+08:00" level=debug msg="    Loading Certificate (kube-apiserver-localhost-ca-bundle)..."
time="2020-10-28T17:25:50+08:00" level=debug msg="      Loading Certificate (kube-apiserver-localhost-signer)..."
time="2020-10-28T17:25:50+08:00" level=debug msg="    Loading Certificate (kube-apiserver-service-network-ca-bundle)..."
time="2020-10-28T17:25:50+08:00" level=debug msg="      Loading Certificate (kube-apiserver-service-network-signer)..."
time="2020-10-28T17:25:50+08:00" level=debug msg="    Loading Certificate (kube-apiserver-lb-ca-bundle)..."
time="2020-10-28T17:25:50+08:00" level=debug msg="      Loading Certificate (kube-apiserver-lb-signer)..."
time="2020-10-28T17:25:50+08:00" level=debug msg="  Loading Install Config..."
time="2020-10-28T17:25:50+08:00" level=debug msg="    Loading SSH Key..."
time="2020-10-28T17:25:50+08:00" level=debug msg="    Loading Base Domain..."
time="2020-10-28T17:25:50+08:00" level=debug msg="      Loading Platform..."
time="2020-10-28T17:25:50+08:00" level=debug msg="    Loading Cluster Name..."
time="2020-10-28T17:25:50+08:00" level=debug msg="      Loading Base Domain..."
time="2020-10-28T17:25:50+08:00" level=debug msg="      Loading Platform..."
time="2020-10-28T17:25:50+08:00" level=debug msg="    Loading Pull Secret..."
time="2020-10-28T17:25:50+08:00" level=debug msg="    Loading Platform..."
time="2020-10-28T17:25:50+08:00" level=debug msg="  Fetching Certificate (admin-kubeconfig-client)..."
time="2020-10-28T17:25:50+08:00" level=debug msg="    Fetching Certificate (admin-kubeconfig-signer)..."
time="2020-10-28T17:25:50+08:00" level=debug msg="    Generating Certificate (admin-kubeconfig-signer)..."
time="2020-10-28T17:25:50+08:00" level=debug msg="  Generating Certificate (admin-kubeconfig-client)..."
time="2020-10-28T17:25:51+08:00" level=debug msg="  Fetching Certificate (kube-apiserver-complete-server-ca-bundle)..."
time="2020-10-28T17:25:51+08:00" level=debug msg="    Fetching Certificate (kube-apiserver-localhost-ca-bundle)..."
time="2020-10-28T17:25:51+08:00" level=debug msg="      Fetching Certificate (kube-apiserver-localhost-signer)..."
time="2020-10-28T17:25:51+08:00" level=debug msg="      Generating Certificate (kube-apiserver-localhost-signer)..."
time="2020-10-28T17:25:51+08:00" level=debug msg="    Generating Certificate (kube-apiserver-localhost-ca-bundle)..."
time="2020-10-28T17:25:51+08:00" level=debug msg="    Fetching Certificate (kube-apiserver-service-network-ca-bundle)..."
time="2020-10-28T17:25:51+08:00" level=debug msg="      Fetching Certificate (kube-apiserver-service-network-signer)..."
time="2020-10-28T17:25:51+08:00" level=debug msg="      Generating Certificate (kube-apiserver-service-network-signer)..."
time="2020-10-28T17:25:51+08:00" level=debug msg="    Generating Certificate (kube-apiserver-service-network-ca-bundle)..."
time="2020-10-28T17:25:51+08:00" level=debug msg="    Fetching Certificate (kube-apiserver-lb-ca-bundle)..."
time="2020-10-28T17:25:51+08:00" level=debug msg="      Fetching Certificate (kube-apiserver-lb-signer)..."
time="2020-10-28T17:25:51+08:00" level=debug msg="      Generating Certificate (kube-apiserver-lb-signer)..."
time="2020-10-28T17:25:51+08:00" level=debug msg="    Generating Certificate (kube-apiserver-lb-ca-bundle)..."
time="2020-10-28T17:25:51+08:00" level=debug msg="  Generating Certificate (kube-apiserver-complete-server-ca-bundle)..."
time="2020-10-28T17:25:51+08:00" level=debug msg="  Fetching Install Config..."
time="2020-10-28T17:25:51+08:00" level=debug msg="    Fetching SSH Key..."
time="2020-10-28T17:25:51+08:00" level=debug msg="    Generating SSH Key..."
time="2020-10-28T17:25:54+08:00" level=fatal msg="failed to fetch Kubeconfig Admin Client: failed to fetch dependency of \"Kubeconfig Admin Client\": failed to fetch dependency of \"Install Config\": failed to generate asset \"SSH Key\": failed UserInput for SSH public key: interrupt"
